<?xml version="1.0" encoding="UTF-8"?>
<testsuite xmlns:xsi="http://www.w3.org/2001/XMLSchema-instance" xsi:noNamespaceSchemaLocation="https://maven.apache.org/surefire/maven-surefire-plugin/xsd/surefire-test-report-3.0.xsd" version="3.0" name="BrokerServiceUnitTest" time="0.284" tests="1" errors="0" skipped="0" failures="0">
  <properties>
    <property name="java.specification.version" value="21"/>
    <property name="sun.jnu.encoding" value="UTF-8"/>
    <property name="java.class.path" value="/Users/ethanepperson/Desktop/spring2025/distributed/labs/25201495-ws/Task4/broker/target/test-classes:/Users/ethanepperson/Desktop/spring2025/distributed/labs/25201495-ws/Task4/broker/target/classes:/Users/ethanepperson/Desktop/spring2025/distributed/labs/25201495-ws/Task4/core/target/core-0.0.1.jar:/Users/ethanepperson/.m2/repository/org/junit/jupiter/junit-jupiter-api/5.11.3/junit-jupiter-api-5.11.3.jar:/Users/ethanepperson/.m2/repository/org/opentest4j/opentest4j/1.3.0/opentest4j-1.3.0.jar:/Users/ethanepperson/.m2/repository/org/junit/platform/junit-platform-commons/1.11.3/junit-platform-commons-1.11.3.jar:/Users/ethanepperson/.m2/repository/org/apiguardian/apiguardian-api/1.1.2/apiguardian-api-1.1.2.jar:/Users/ethanepperson/.m2/repository/jakarta/xml/ws/jakarta.xml.ws-api/4.0.2/jakarta.xml.ws-api-4.0.2.jar:/Users/ethanepperson/.m2/repository/jakarta/xml/bind/jakarta.xml.bind-api/4.0.2/jakarta.xml.bind-api-4.0.2.jar:/Users/ethanepperson/.m2/repository/jakarta/xml/soap/jakarta.xml.soap-api/3.0.2/jakarta.xml.soap-api-3.0.2.jar:/Users/ethanepperson/.m2/repository/com/sun/xml/ws/jaxws-rt/4.0.3/jaxws-rt-4.0.3.jar:/Users/ethanepperson/.m2/repository/com/sun/xml/bind/jaxb-impl/4.0.5/jaxb-impl-4.0.5.jar:/Users/ethanepperson/.m2/repository/com/sun/xml/bind/jaxb-core/4.0.5/jaxb-core-4.0.5.jar:/Users/ethanepperson/.m2/repository/org/glassfish/ha/ha-api/3.1.13/ha-api-3.1.13.jar:/Users/ethanepperson/.m2/repository/org/glassfish/external/management-api/3.2.3/management-api-3.2.3.jar:/Users/ethanepperson/.m2/repository/org/glassfish/gmbal/gmbal-api-only/4.0.3/gmbal-api-only-4.0.3.jar:/Users/ethanepperson/.m2/repository/org/jvnet/staxex/stax-ex/2.1.0/stax-ex-2.1.0.jar:/Users/ethanepperson/.m2/repository/com/sun/xml/stream/buffer/streambuffer/2.1.0/streambuffer-2.1.0.jar:/Users/ethanepperson/.m2/repository/org/jvnet/mimepull/mimepull/1.10.0/mimepull-1.10.0.jar:/Users/ethanepperson/.m2/repository/com/sun/xml/fastinfoset/FastInfoset/2.1.1/FastInfoset-2.1.1.jar:/Users/ethanepperson/.m2/repository/jakarta/mail/jakarta.mail-api/2.1.3/jakarta.mail-api-2.1.3.jar:/Users/ethanepperson/.m2/repository/org/eclipse/angus/angus-activation/2.0.2/angus-activation-2.0.2.jar:/Users/ethanepperson/.m2/repository/org/eclipse/angus/angus-mail/2.0.3/angus-mail-2.0.3.jar:/Users/ethanepperson/.m2/repository/com/sun/xml/messaging/saaj/saaj-impl/3.0.4/saaj-impl-3.0.4.jar:/Users/ethanepperson/.m2/repository/com/fasterxml/woodstox/woodstox-core/7.0.0/woodstox-core-7.0.0.jar:/Users/ethanepperson/.m2/repository/org/codehaus/woodstox/stax2-api/4.2.2/stax2-api-4.2.2.jar:/Users/ethanepperson/.m2/repository/jakarta/activation/jakarta.activation-api/2.1.3/jakarta.activation-api-2.1.3.jar:/Users/ethanepperson/.m2/repository/jakarta/annotation/jakarta.annotation-api/3.0.0/jakarta.annotation-api-3.0.0.jar:/Users/ethanepperson/.m2/repository/org/apache/logging/log4j/log4j-slf4j2-impl/2.24.3/log4j-slf4j2-impl-2.24.3.jar:/Users/ethanepperson/.m2/repository/org/apache/logging/log4j/log4j-api/2.24.3/log4j-api-2.24.3.jar:/Users/ethanepperson/.m2/repository/org/slf4j/slf4j-api/2.0.16/slf4j-api-2.0.16.jar:/Users/ethanepperson/.m2/repository/org/apache/logging/log4j/log4j-core/2.24.3/log4j-core-2.24.3.jar:/Users/ethanepperson/Desktop/spring2025/distributed/labs/25201495-ws/Task4/auldfellas/target/auldfellas-0.0.1.jar:"/>
    <property name="java.vm.vendor" value="Eclipse Adoptium"/>
    <property name="sun.arch.data.model" value="64"/>
    <property name="java.vendor.url" value="https://adoptium.net/"/>
    <property name="user.timezone" value="Europe/Dublin"/>
    <property name="os.name" value="Mac OS X"/>
    <property name="java.vm.specification.version" value="21"/>
    <property name="sun.java.launcher" value="SUN_STANDARD"/>
    <property name="user.country" value="US"/>
    <property name="sun.boot.library.path" value="/Library/Java/JavaVirtualMachines/jdk-21.0.6+7/Contents/Home/lib"/>
    <property name="sun.java.command" value="/Users/ethanepperson/Desktop/spring2025/distributed/labs/25201495-ws/Task4/broker/target/surefire/surefirebooter-20250224080625491_12.jar /Users/ethanepperson/Desktop/spring2025/distributed/labs/25201495-ws/Task4/broker/target/surefire 2025-02-24T08-06-21_019-jvmRun1 surefire-20250224080625491_10tmp surefire_3-20250224080625491_11tmp"/>
    <property name="http.nonProxyHosts" value="local|*.local|169.254/16|*.169.254/16"/>
    <property name="jdk.debug" value="release"/>
    <property name="surefire.test.class.path" value="/Users/ethanepperson/Desktop/spring2025/distributed/labs/25201495-ws/Task4/broker/target/test-classes:/Users/ethanepperson/Desktop/spring2025/distributed/labs/25201495-ws/Task4/broker/target/classes:/Users/ethanepperson/Desktop/spring2025/distributed/labs/25201495-ws/Task4/core/target/core-0.0.1.jar:/Users/ethanepperson/.m2/repository/org/junit/jupiter/junit-jupiter-api/5.11.3/junit-jupiter-api-5.11.3.jar:/Users/ethanepperson/.m2/repository/org/opentest4j/opentest4j/1.3.0/opentest4j-1.3.0.jar:/Users/ethanepperson/.m2/repository/org/junit/platform/junit-platform-commons/1.11.3/junit-platform-commons-1.11.3.jar:/Users/ethanepperson/.m2/repository/org/apiguardian/apiguardian-api/1.1.2/apiguardian-api-1.1.2.jar:/Users/ethanepperson/.m2/repository/jakarta/xml/ws/jakarta.xml.ws-api/4.0.2/jakarta.xml.ws-api-4.0.2.jar:/Users/ethanepperson/.m2/repository/jakarta/xml/bind/jakarta.xml.bind-api/4.0.2/jakarta.xml.bind-api-4.0.2.jar:/Users/ethanepperson/.m2/repository/jakarta/xml/soap/jakarta.xml.soap-api/3.0.2/jakarta.xml.soap-api-3.0.2.jar:/Users/ethanepperson/.m2/repository/com/sun/xml/ws/jaxws-rt/4.0.3/jaxws-rt-4.0.3.jar:/Users/ethanepperson/.m2/repository/com/sun/xml/bind/jaxb-impl/4.0.5/jaxb-impl-4.0.5.jar:/Users/ethanepperson/.m2/repository/com/sun/xml/bind/jaxb-core/4.0.5/jaxb-core-4.0.5.jar:/Users/ethanepperson/.m2/repository/org/glassfish/ha/ha-api/3.1.13/ha-api-3.1.13.jar:/Users/ethanepperson/.m2/repository/org/glassfish/external/management-api/3.2.3/management-api-3.2.3.jar:/Users/ethanepperson/.m2/repository/org/glassfish/gmbal/gmbal-api-only/4.0.3/gmbal-api-only-4.0.3.jar:/Users/ethanepperson/.m2/repository/org/jvnet/staxex/stax-ex/2.1.0/stax-ex-2.1.0.jar:/Users/ethanepperson/.m2/repository/com/sun/xml/stream/buffer/streambuffer/2.1.0/streambuffer-2.1.0.jar:/Users/ethanepperson/.m2/repository/org/jvnet/mimepull/mimepull/1.10.0/mimepull-1.10.0.jar:/Users/ethanepperson/.m2/repository/com/sun/xml/fastinfoset/FastInfoset/2.1.1/FastInfoset-2.1.1.jar:/Users/ethanepperson/.m2/repository/jakarta/mail/jakarta.mail-api/2.1.3/jakarta.mail-api-2.1.3.jar:/Users/ethanepperson/.m2/repository/org/eclipse/angus/angus-activation/2.0.2/angus-activation-2.0.2.jar:/Users/ethanepperson/.m2/repository/org/eclipse/angus/angus-mail/2.0.3/angus-mail-2.0.3.jar:/Users/ethanepperson/.m2/repository/com/sun/xml/messaging/saaj/saaj-impl/3.0.4/saaj-impl-3.0.4.jar:/Users/ethanepperson/.m2/repository/com/fasterxml/woodstox/woodstox-core/7.0.0/woodstox-core-7.0.0.jar:/Users/ethanepperson/.m2/repository/org/codehaus/woodstox/stax2-api/4.2.2/stax2-api-4.2.2.jar:/Users/ethanepperson/.m2/repository/jakarta/activation/jakarta.activation-api/2.1.3/jakarta.activation-api-2.1.3.jar:/Users/ethanepperson/.m2/repository/jakarta/annotation/jakarta.annotation-api/3.0.0/jakarta.annotation-api-3.0.0.jar:/Users/ethanepperson/.m2/repository/org/apache/logging/log4j/log4j-slf4j2-impl/2.24.3/log4j-slf4j2-impl-2.24.3.jar:/Users/ethanepperson/.m2/repository/org/apache/logging/log4j/log4j-api/2.24.3/log4j-api-2.24.3.jar:/Users/ethanepperson/.m2/repository/org/slf4j/slf4j-api/2.0.16/slf4j-api-2.0.16.jar:/Users/ethanepperson/.m2/repository/org/apache/logging/log4j/log4j-core/2.24.3/log4j-core-2.24.3.jar:/Users/ethanepperson/Desktop/spring2025/distributed/labs/25201495-ws/Task4/auldfellas/target/auldfellas-0.0.1.jar:"/>
    <property name="sun.cpu.endian" value="little"/>
    <property name="user.home" value="/Users/ethanepperson"/>
    <property name="user.language" value="en"/>
    <property name="java.specification.vendor" value="Oracle Corporation"/>
    <property name="java.version.date" value="2025-01-21"/>
    <property name="java.home" value="/Library/Java/JavaVirtualMachines/jdk-21.0.6+7/Contents/Home"/>
    <property name="file.separator" value="/"/>
    <property name="basedir" value="/Users/ethanepperson/Desktop/spring2025/distributed/labs/25201495-ws/Task4/broker"/>
    <property name="java.vm.compressedOopsMode" value="Zero based"/>
    <property name="line.separator" value="&#10;"/>
    <property name="java.vm.specification.vendor" value="Oracle Corporation"/>
    <property name="java.specification.name" value="Java Platform API Specification"/>
    <property name="apple.awt.application.name" value="ForkedBooter"/>
    <property name="surefire.real.class.path" value="/Users/ethanepperson/Desktop/spring2025/distributed/labs/25201495-ws/Task4/broker/target/surefire/surefirebooter-20250224080625491_12.jar"/>
    <property name="sun.management.compiler" value="HotSpot 64-Bit Tiered Compilers"/>
    <property name="ftp.nonProxyHosts" value="local|*.local|169.254/16|*.169.254/16"/>
    <property name="java.runtime.version" value="21.0.6+7-LTS"/>
    <property name="user.name" value="ethanepperson"/>
    <property name="stdout.encoding" value="UTF-8"/>
    <property name="path.separator" value=":"/>
    <property name="os.version" value="14.6.1"/>
    <property name="java.runtime.name" value="OpenJDK Runtime Environment"/>
    <property name="file.encoding" value="UTF-8"/>
    <property name="java.vm.name" value="OpenJDK 64-Bit Server VM"/>
    <property name="java.vendor.version" value="Temurin-21.0.6+7"/>
    <property name="localRepository" value="/Users/ethanepperson/.m2/repository"/>
    <property name="java.vendor.url.bug" value="https://github.com/adoptium/adoptium-support/issues"/>
    <property name="java.io.tmpdir" value="/var/folders/f4/b9bgzsk90zl1dvqn_gpxg7mw0000gn/T/"/>
    <property name="java.version" value="21.0.6"/>
    <property name="user.dir" value="/Users/ethanepperson/Desktop/spring2025/distributed/labs/25201495-ws/Task4/broker"/>
    <property name="os.arch" value="aarch64"/>
    <property name="java.vm.specification.name" value="Java Virtual Machine Specification"/>
    <property name="native.encoding" value="UTF-8"/>
    <property name="java.library.path" value="/Users/ethanepperson/Library/Java/Extensions:/Library/Java/Extensions:/Network/Library/Java/Extensions:/System/Library/Java/Extensions:/usr/lib/java:."/>
    <property name="java.vm.info" value="mixed mode, sharing"/>
    <property name="stderr.encoding" value="UTF-8"/>
    <property name="java.vendor" value="Eclipse Adoptium"/>
    <property name="java.vm.version" value="21.0.6+7-LTS"/>
    <property name="sun.io.unicode.encoding" value="UnicodeBig"/>
    <property name="socksNonProxyHosts" value="local|*.local|169.254/16|*.169.254/16"/>
    <property name="java.class.version" value="65.0"/>
  </properties>
  <testcase name="connectionTest" classname="BrokerServiceUnitTest" time="0.096">
    <system-err><![CDATA[Feb 24, 2025 8:06:25 AM com.sun.xml.ws.server.sei.TieHandler createResponse
SEVERE: Cannot invoke "java.util.List.iterator()" because "this.quotationServices" is null
java.lang.NullPointerException: Cannot invoke "java.util.List.iterator()" because "this.quotationServices" is null
	at service.broker.LocalBrokerService.getQuotations(LocalBrokerService.java:39)
	at java.base/jdk.internal.reflect.DirectMethodHandleAccessor.invoke(DirectMethodHandleAccessor.java:103)
	at java.base/java.lang.reflect.Method.invoke(Method.java:580)
	at com.sun.xml.ws.util.Trampoline.invoke(MethodUtil.java:52)
	at java.base/jdk.internal.reflect.DirectMethodHandleAccessor.invoke(DirectMethodHandleAccessor.java:103)
	at java.base/java.lang.reflect.Method.invoke(Method.java:580)
	at com.sun.xml.ws.util.MethodUtil.invoke(MethodUtil.java:77)
	at com.sun.xml.ws.api.server.MethodUtil.invoke(MethodUtil.java:34)
	at com.sun.xml.ws.api.server.InstanceResolver$1.invoke(InstanceResolver.java:215)
	at com.sun.xml.ws.server.InvokerTube$2.invoke(InvokerTube.java:124)
	at com.sun.xml.ws.server.sei.SEIInvokerTube.processRequest(SEIInvokerTube.java:59)
	at com.sun.xml.ws.api.pipe.Fiber.__doRun(Fiber.java:1106)
	at com.sun.xml.ws.api.pipe.Fiber._doRun(Fiber.java:1020)
	at com.sun.xml.ws.api.pipe.Fiber.doRun(Fiber.java:989)
	at com.sun.xml.ws.api.pipe.Fiber.runSync(Fiber.java:847)
	at com.sun.xml.ws.server.WSEndpointImpl$2.process(WSEndpointImpl.java:399)
	at com.sun.xml.ws.transport.http.HttpAdapter$HttpToolkit.handle(HttpAdapter.java:832)
	at com.sun.xml.ws.transport.http.HttpAdapter.handle(HttpAdapter.java:386)
	at com.sun.xml.ws.transport.http.server.WSHttpHandler.handleExchange(WSHttpHandler.java:84)
	at com.sun.xml.ws.transport.http.server.WSHttpHandler.handle(WSHttpHandler.java:68)
	at jdk.httpserver/com.sun.net.httpserver.Filter$Chain.doFilter(Filter.java:98)
	at jdk.httpserver/sun.net.httpserver.AuthFilter.doFilter(AuthFilter.java:82)
	at jdk.httpserver/com.sun.net.httpserver.Filter$Chain.doFilter(Filter.java:101)
	at jdk.httpserver/sun.net.httpserver.ServerImpl$Exchange$LinkHandler.handle(ServerImpl.java:871)
	at jdk.httpserver/com.sun.net.httpserver.Filter$Chain.doFilter(Filter.java:98)
	at jdk.httpserver/sun.net.httpserver.ServerImpl$Exchange.run(ServerImpl.java:847)
	at java.base/java.util.concurrent.ThreadPoolExecutor.runWorker(ThreadPoolExecutor.java:1144)
	at java.base/java.util.concurrent.ThreadPoolExecutor$Worker.run(ThreadPoolExecutor.java:642)
	at java.base/java.lang.Thread.run(Thread.java:1583)

]]></system-err>
  </testcase>
</testsuite>